[2025-03-15T04:56:22.468+0000] {local_task_job_runner.py:123} INFO - ::group::Pre task execution logs
[2025-03-15T04:56:22.474+0000] {taskinstance.py:2614} INFO - Dependencies all met for dep_context=non-requeueable deps ti=<TaskInstance: training-pipeline.training manual__2025-03-15T04:56:17.188208+00:00 [queued]>
[2025-03-15T04:56:22.478+0000] {taskinstance.py:2614} INFO - Dependencies all met for dep_context=requeueable deps ti=<TaskInstance: training-pipeline.training manual__2025-03-15T04:56:17.188208+00:00 [queued]>
[2025-03-15T04:56:22.479+0000] {taskinstance.py:2867} INFO - Starting attempt 1 of 1
[2025-03-15T04:56:22.561+0000] {taskinstance.py:2890} INFO - Executing <Task(PythonOperator): training> on 2025-03-15 04:56:17.188208+00:00
[2025-03-15T04:56:22.564+0000] {warnings.py:112} WARNING - /home/***/.local/lib/python3.12/site-packages/***/task/task_runner/standard_task_runner.py:70: DeprecationWarning: This process (pid=576) is multi-threaded, use of fork() may lead to deadlocks in the child.
  pid = os.fork()

[2025-03-15T04:56:22.565+0000] {standard_task_runner.py:72} INFO - Started process 586 to run task
[2025-03-15T04:56:22.565+0000] {standard_task_runner.py:104} INFO - Running: ['***', 'tasks', 'run', 'training-pipeline', 'training', 'manual__2025-03-15T04:56:17.188208+00:00', '--job-id', '35', '--raw', '--subdir', 'DAGS_FOLDER/training_pipeline.py', '--cfg-path', '/tmp/tmphnsc3j9z']
[2025-03-15T04:56:22.566+0000] {standard_task_runner.py:105} INFO - Job 35: Subtask training
[2025-03-15T04:56:22.582+0000] {task_command.py:467} INFO - Running <TaskInstance: training-pipeline.training manual__2025-03-15T04:56:17.188208+00:00 [running]> on host 21a2d30d29cb
[2025-03-15T04:56:22.603+0000] {taskinstance.py:3134} INFO - Exporting env vars: AIRFLOW_CTX_DAG_OWNER='user' AIRFLOW_CTX_DAG_ID='training-pipeline' AIRFLOW_CTX_TASK_ID='training' AIRFLOW_CTX_EXECUTION_DATE='2025-03-15T04:56:17.188208+00:00' AIRFLOW_CTX_TRY_NUMBER='1' AIRFLOW_CTX_DAG_RUN_ID='manual__2025-03-15T04:56:17.188208+00:00'
[2025-03-15T04:56:22.604+0000] {taskinstance.py:732} INFO - ::endgroup::
[2025-03-15T04:56:22.695+0000] {logging_mixin.py:190} INFO -       Iter       Train Loss   Remaining Time 
[2025-03-15T04:56:22.716+0000] {logging_mixin.py:190} INFO -          1           1.2555            2.08s
[2025-03-15T04:56:22.737+0000] {logging_mixin.py:190} INFO -          2           1.1993            2.04s
[2025-03-15T04:56:22.758+0000] {logging_mixin.py:190} INFO -          3           1.1527            2.02s
[2025-03-15T04:56:22.778+0000] {logging_mixin.py:190} INFO -          4           1.1110            1.99s
[2025-03-15T04:56:22.799+0000] {logging_mixin.py:190} INFO -          5           1.0772            1.96s
[2025-03-15T04:56:22.819+0000] {logging_mixin.py:190} INFO -          6           1.0466            1.94s
[2025-03-15T04:56:22.840+0000] {logging_mixin.py:190} INFO -          7           1.0217            1.92s
[2025-03-15T04:56:22.860+0000] {logging_mixin.py:190} INFO -          8           0.9975            1.90s
[2025-03-15T04:56:22.881+0000] {logging_mixin.py:190} INFO -          9           0.9762            1.88s
[2025-03-15T04:56:22.901+0000] {logging_mixin.py:190} INFO -         10           0.9576            1.86s
[2025-03-15T04:56:23.108+0000] {logging_mixin.py:190} INFO -         20           0.8293            1.65s
[2025-03-15T04:56:23.313+0000] {logging_mixin.py:190} INFO -         30           0.7643            1.44s
[2025-03-15T04:56:23.523+0000] {logging_mixin.py:190} INFO -         40           0.7228            1.24s
[2025-03-15T04:56:23.727+0000] {logging_mixin.py:190} INFO -         50           0.6974            1.03s
[2025-03-15T04:56:23.929+0000] {logging_mixin.py:190} INFO -         60           0.6787            0.82s
[2025-03-15T04:56:24.134+0000] {logging_mixin.py:190} INFO -         70           0.6625            0.62s
[2025-03-15T04:56:24.339+0000] {logging_mixin.py:190} INFO -         80           0.6513            0.41s
[2025-03-15T04:56:24.547+0000] {logging_mixin.py:190} INFO -         90           0.6420            0.21s
[2025-03-15T04:56:24.748+0000] {logging_mixin.py:190} INFO -        100           0.6340            0.00s
[2025-03-15T04:56:24.880+0000] {logging_mixin.py:190} INFO -               precision    recall  f1-score   support

           0       0.87      0.90      0.88     60259
           1       0.82      0.77      0.79     35253

    accuracy                           0.85     95512
   macro avg       0.84      0.83      0.84     95512
weighted avg       0.85      0.85      0.85     95512
[2025-03-15T04:56:26.996+0000] {logging_mixin.py:190} WARNING - 2025/03/15 04:56:26 WARNING mlflow.models.model: Model logged without a signature and input example. Please set `input_example` parameter when logging the model to auto infer the model signature.
[2025-03-15T04:56:27.007+0000] {credentials.py:1147} INFO - Found credentials in environment variables.
[2025-03-15T04:56:27.036+0000] {logging_mixin.py:190} INFO - 🏃 View run flawless-dog-295 at: http://mlflow-server:5500/#/experiments/1/runs/05dd723e01a24780890616cf0d1a86f4
[2025-03-15T04:56:27.037+0000] {logging_mixin.py:190} INFO - 🧪 View experiment at: http://mlflow-server:5500/#/experiments/1
[2025-03-15T04:56:27.040+0000] {python.py:240} INFO - Done. Returned value was: {'mlflow_run_id': '05dd723e01a24780890616cf0d1a86f4'}
[2025-03-15T04:56:27.048+0000] {taskinstance.py:341} INFO - ::group::Post task execution logs
[2025-03-15T04:56:27.048+0000] {taskinstance.py:353} INFO - Marking task as SUCCESS. dag_id=training-pipeline, task_id=training, run_id=manual__2025-03-15T04:56:17.188208+00:00, execution_date=20250315T045617, start_date=20250315T045622, end_date=20250315T045627
[2025-03-15T04:56:27.089+0000] {local_task_job_runner.py:266} INFO - Task exited with return code 0
[2025-03-15T04:56:27.097+0000] {taskinstance.py:3901} INFO - 1 downstream tasks scheduled from follow-on schedule check
[2025-03-15T04:56:27.098+0000] {local_task_job_runner.py:245} INFO - ::endgroup::
