[2025-03-15T05:21:41.399+0000] {local_task_job_runner.py:123} INFO - ::group::Pre task execution logs
[2025-03-15T05:21:41.406+0000] {taskinstance.py:2614} INFO - Dependencies all met for dep_context=non-requeueable deps ti=<TaskInstance: training-pipeline.training manual__2025-03-15T05:21:33.173932+00:00 [queued]>
[2025-03-15T05:21:41.409+0000] {taskinstance.py:2614} INFO - Dependencies all met for dep_context=requeueable deps ti=<TaskInstance: training-pipeline.training manual__2025-03-15T05:21:33.173932+00:00 [queued]>
[2025-03-15T05:21:41.409+0000] {taskinstance.py:2867} INFO - Starting attempt 1 of 1
[2025-03-15T05:21:41.412+0000] {taskinstance.py:2890} INFO - Executing <Task(PythonOperator): training> on 2025-03-15 05:21:33.173932+00:00
[2025-03-15T05:21:41.417+0000] {warnings.py:112} WARNING - /home/***/.local/lib/python3.12/site-packages/***/task/task_runner/standard_task_runner.py:70: DeprecationWarning: This process (pid=70) is multi-threaded, use of fork() may lead to deadlocks in the child.
  pid = os.fork()

[2025-03-15T05:21:41.417+0000] {standard_task_runner.py:72} INFO - Started process 80 to run task
[2025-03-15T05:21:41.418+0000] {standard_task_runner.py:104} INFO - Running: ['***', 'tasks', 'run', 'training-pipeline', 'training', 'manual__2025-03-15T05:21:33.173932+00:00', '--job-id', '5', '--raw', '--subdir', 'DAGS_FOLDER/training_pipeline.py', '--cfg-path', '/tmp/tmpzhxom2_p']
[2025-03-15T05:21:41.418+0000] {standard_task_runner.py:105} INFO - Job 5: Subtask training
[2025-03-15T05:21:41.434+0000] {task_command.py:467} INFO - Running <TaskInstance: training-pipeline.training manual__2025-03-15T05:21:33.173932+00:00 [running]> on host 343c6c930178
[2025-03-15T05:21:41.457+0000] {taskinstance.py:3134} INFO - Exporting env vars: AIRFLOW_CTX_DAG_OWNER='user' AIRFLOW_CTX_DAG_ID='training-pipeline' AIRFLOW_CTX_TASK_ID='training' AIRFLOW_CTX_EXECUTION_DATE='2025-03-15T05:21:33.173932+00:00' AIRFLOW_CTX_TRY_NUMBER='1' AIRFLOW_CTX_DAG_RUN_ID='manual__2025-03-15T05:21:33.173932+00:00'
[2025-03-15T05:21:41.458+0000] {taskinstance.py:732} INFO - ::endgroup::
[2025-03-15T05:21:42.017+0000] {logging_mixin.py:190} INFO -       Iter       Train Loss   Remaining Time 
[2025-03-15T05:21:42.041+0000] {logging_mixin.py:190} INFO -          1           1.2556            2.37s
[2025-03-15T05:21:42.063+0000] {logging_mixin.py:190} INFO -          2           1.1994            2.24s
[2025-03-15T05:21:42.084+0000] {logging_mixin.py:190} INFO -          3           1.1514            2.16s
[2025-03-15T05:21:42.105+0000] {logging_mixin.py:190} INFO -          4           1.1108            2.11s
[2025-03-15T05:21:42.126+0000] {logging_mixin.py:190} INFO -          5           1.0758            2.07s
[2025-03-15T05:21:42.148+0000] {logging_mixin.py:190} INFO -          6           1.0460            2.04s
[2025-03-15T05:21:42.169+0000] {logging_mixin.py:190} INFO -          7           1.0216            2.02s
[2025-03-15T05:21:42.190+0000] {logging_mixin.py:190} INFO -          8           0.9973            1.99s
[2025-03-15T05:21:42.218+0000] {logging_mixin.py:190} INFO -          9           0.9758            2.03s
[2025-03-15T05:21:42.242+0000] {logging_mixin.py:190} INFO -         10           0.9593            2.02s
[2025-03-15T05:21:42.472+0000] {logging_mixin.py:190} INFO -         20           0.8329            1.82s
[2025-03-15T05:21:42.696+0000] {logging_mixin.py:190} INFO -         30           0.7685            1.58s
[2025-03-15T05:21:42.914+0000] {logging_mixin.py:190} INFO -         40           0.7291            1.35s
[2025-03-15T05:21:43.127+0000] {logging_mixin.py:190} INFO -         50           0.7025            1.11s
[2025-03-15T05:21:43.340+0000] {logging_mixin.py:190} INFO -         60           0.6810            0.88s
[2025-03-15T05:21:43.550+0000] {logging_mixin.py:190} INFO -         70           0.6650            0.66s
[2025-03-15T05:21:43.767+0000] {logging_mixin.py:190} INFO -         80           0.6531            0.44s
[2025-03-15T05:21:43.987+0000] {logging_mixin.py:190} INFO -         90           0.6439            0.22s
[2025-03-15T05:21:44.220+0000] {logging_mixin.py:190} INFO -        100           0.6358            0.00s
[2025-03-15T05:21:44.440+0000] {logging_mixin.py:190} INFO -               precision    recall  f1-score   support

           0       0.87      0.90      0.88     60259
           1       0.82      0.77      0.79     35253

    accuracy                           0.85     95512
   macro avg       0.84      0.83      0.84     95512
weighted avg       0.85      0.85      0.85     95512
[2025-03-15T05:21:47.722+0000] {logging_mixin.py:190} WARNING - 2025/03/15 05:21:47 WARNING mlflow.models.model: Model logged without a signature and input example. Please set `input_example` parameter when logging the model to auto infer the model signature.
[2025-03-15T05:21:47.739+0000] {credentials.py:1147} INFO - Found credentials in environment variables.
[2025-03-15T05:21:47.781+0000] {logging_mixin.py:190} INFO - 🏃 View run adaptable-dove-655 at: http://mlflow-server:5500/#/experiments/1/runs/a829fe5d85da44ac81025c14787f6907
[2025-03-15T05:21:47.782+0000] {logging_mixin.py:190} INFO - 🧪 View experiment at: http://mlflow-server:5500/#/experiments/1
[2025-03-15T05:21:47.788+0000] {python.py:240} INFO - Done. Returned value was: {'mlflow_run_id': 'a829fe5d85da44ac81025c14787f6907'}
[2025-03-15T05:21:47.799+0000] {taskinstance.py:341} INFO - ::group::Post task execution logs
[2025-03-15T05:21:47.799+0000] {taskinstance.py:353} INFO - Marking task as SUCCESS. dag_id=training-pipeline, task_id=training, run_id=manual__2025-03-15T05:21:33.173932+00:00, execution_date=20250315T052133, start_date=20250315T052141, end_date=20250315T052147
[2025-03-15T05:21:47.857+0000] {local_task_job_runner.py:266} INFO - Task exited with return code 0
[2025-03-15T05:21:47.870+0000] {taskinstance.py:3901} INFO - 1 downstream tasks scheduled from follow-on schedule check
[2025-03-15T05:21:47.870+0000] {local_task_job_runner.py:245} INFO - ::endgroup::
