[2025-03-15T04:13:35.515+0000] {local_task_job_runner.py:123} INFO - ::group::Pre task execution logs
[2025-03-15T04:13:35.521+0000] {taskinstance.py:2614} INFO - Dependencies all met for dep_context=non-requeueable deps ti=<TaskInstance: training-pipeline.training manual__2025-03-15T04:13:28.047511+00:00 [queued]>
[2025-03-15T04:13:35.524+0000] {taskinstance.py:2614} INFO - Dependencies all met for dep_context=requeueable deps ti=<TaskInstance: training-pipeline.training manual__2025-03-15T04:13:28.047511+00:00 [queued]>
[2025-03-15T04:13:35.524+0000] {taskinstance.py:2867} INFO - Starting attempt 1 of 1
[2025-03-15T04:13:35.527+0000] {taskinstance.py:2890} INFO - Executing <Task(PythonOperator): training> on 2025-03-15 04:13:28.047511+00:00
[2025-03-15T04:13:35.531+0000] {warnings.py:112} WARNING - /home/***/.local/lib/python3.12/site-packages/***/task/task_runner/standard_task_runner.py:70: DeprecationWarning: This process (pid=76) is multi-threaded, use of fork() may lead to deadlocks in the child.
  pid = os.fork()

[2025-03-15T04:13:35.531+0000] {standard_task_runner.py:72} INFO - Started process 86 to run task
[2025-03-15T04:13:35.532+0000] {standard_task_runner.py:104} INFO - Running: ['***', 'tasks', 'run', 'training-pipeline', 'training', 'manual__2025-03-15T04:13:28.047511+00:00', '--job-id', '27', '--raw', '--subdir', 'DAGS_FOLDER/training_pipeline.py', '--cfg-path', '/tmp/tmprpjgno53']
[2025-03-15T04:13:35.532+0000] {standard_task_runner.py:105} INFO - Job 27: Subtask training
[2025-03-15T04:13:35.546+0000] {task_command.py:467} INFO - Running <TaskInstance: training-pipeline.training manual__2025-03-15T04:13:28.047511+00:00 [running]> on host 05ab478eb9ff
[2025-03-15T04:13:35.566+0000] {taskinstance.py:3134} INFO - Exporting env vars: AIRFLOW_CTX_DAG_OWNER='user' AIRFLOW_CTX_DAG_ID='training-pipeline' AIRFLOW_CTX_TASK_ID='training' AIRFLOW_CTX_EXECUTION_DATE='2025-03-15T04:13:28.047511+00:00' AIRFLOW_CTX_TRY_NUMBER='1' AIRFLOW_CTX_DAG_RUN_ID='manual__2025-03-15T04:13:28.047511+00:00'
[2025-03-15T04:13:35.567+0000] {taskinstance.py:732} INFO - ::endgroup::
[2025-03-15T04:13:36.030+0000] {logging_mixin.py:190} INFO -       Iter       Train Loss   Remaining Time 
[2025-03-15T04:13:36.054+0000] {logging_mixin.py:190} INFO -          1           1.2555            2.31s
[2025-03-15T04:13:36.075+0000] {logging_mixin.py:190} INFO -          2           1.1993            2.17s
[2025-03-15T04:13:36.096+0000] {logging_mixin.py:190} INFO -          3           1.1527            2.10s
[2025-03-15T04:13:36.117+0000] {logging_mixin.py:190} INFO -          4           1.1110            2.06s
[2025-03-15T04:13:36.138+0000] {logging_mixin.py:190} INFO -          5           1.0772            2.03s
[2025-03-15T04:13:36.158+0000] {logging_mixin.py:190} INFO -          6           1.0466            2.00s
[2025-03-15T04:13:36.180+0000] {logging_mixin.py:190} INFO -          7           1.0217            1.98s
[2025-03-15T04:13:36.200+0000] {logging_mixin.py:190} INFO -          8           0.9975            1.95s
[2025-03-15T04:13:36.221+0000] {logging_mixin.py:190} INFO -          9           0.9762            1.93s
[2025-03-15T04:13:36.242+0000] {logging_mixin.py:190} INFO -         10           0.9576            1.91s
[2025-03-15T04:13:36.453+0000] {logging_mixin.py:190} INFO -         20           0.8293            1.69s
[2025-03-15T04:13:36.661+0000] {logging_mixin.py:190} INFO -         30           0.7643            1.47s
[2025-03-15T04:13:36.877+0000] {logging_mixin.py:190} INFO -         40           0.7228            1.27s
[2025-03-15T04:13:37.083+0000] {logging_mixin.py:190} INFO -         50           0.6974            1.05s
[2025-03-15T04:13:37.290+0000] {logging_mixin.py:190} INFO -         60           0.6787            0.84s
[2025-03-15T04:13:37.501+0000] {logging_mixin.py:190} INFO -         70           0.6625            0.63s
[2025-03-15T04:13:37.707+0000] {logging_mixin.py:190} INFO -         80           0.6513            0.42s
[2025-03-15T04:13:37.921+0000] {logging_mixin.py:190} INFO -         90           0.6420            0.21s
[2025-03-15T04:13:38.132+0000] {logging_mixin.py:190} INFO -        100           0.6340            0.00s
[2025-03-15T04:13:38.264+0000] {logging_mixin.py:190} INFO -               precision    recall  f1-score   support

           0       0.87      0.90      0.88     60259
           1       0.82      0.77      0.79     35253

    accuracy                           0.85     95512
   macro avg       0.84      0.83      0.84     95512
weighted avg       0.85      0.85      0.85     95512
[2025-03-15T04:13:40.550+0000] {logging_mixin.py:190} WARNING - 2025/03/15 04:13:40 WARNING mlflow.models.model: Model logged without a signature and input example. Please set `input_example` parameter when logging the model to auto infer the model signature.
[2025-03-15T04:13:40.563+0000] {credentials.py:1147} INFO - Found credentials in environment variables.
[2025-03-15T04:13:40.595+0000] {logging_mixin.py:190} INFO - 🏃 View run bouncy-skunk-356 at: http://mlflow-server:5500/#/experiments/1/runs/664730cba10a47d28b2d89c0f0c01411
[2025-03-15T04:13:40.596+0000] {logging_mixin.py:190} INFO - 🧪 View experiment at: http://mlflow-server:5500/#/experiments/1
[2025-03-15T04:13:40.600+0000] {python.py:240} INFO - Done. Returned value was: {'mlflow_run_id': '664730cba10a47d28b2d89c0f0c01411'}
[2025-03-15T04:13:40.607+0000] {taskinstance.py:341} INFO - ::group::Post task execution logs
[2025-03-15T04:13:40.607+0000] {taskinstance.py:353} INFO - Marking task as SUCCESS. dag_id=training-pipeline, task_id=training, run_id=manual__2025-03-15T04:13:28.047511+00:00, execution_date=20250315T041328, start_date=20250315T041335, end_date=20250315T041340
[2025-03-15T04:13:40.661+0000] {local_task_job_runner.py:266} INFO - Task exited with return code 0
[2025-03-15T04:13:40.669+0000] {taskinstance.py:3901} INFO - 1 downstream tasks scheduled from follow-on schedule check
[2025-03-15T04:13:40.669+0000] {local_task_job_runner.py:245} INFO - ::endgroup::
