[2025-03-15T04:52:54.973+0000] {local_task_job_runner.py:123} INFO - ::group::Pre task execution logs
[2025-03-15T04:52:54.979+0000] {taskinstance.py:2614} INFO - Dependencies all met for dep_context=non-requeueable deps ti=<TaskInstance: training-pipeline.training manual__2025-03-15T04:52:49.587402+00:00 [queued]>
[2025-03-15T04:52:54.982+0000] {taskinstance.py:2614} INFO - Dependencies all met for dep_context=requeueable deps ti=<TaskInstance: training-pipeline.training manual__2025-03-15T04:52:49.587402+00:00 [queued]>
[2025-03-15T04:52:54.982+0000] {taskinstance.py:2867} INFO - Starting attempt 1 of 1
[2025-03-15T04:52:55.088+0000] {taskinstance.py:2890} INFO - Executing <Task(PythonOperator): training> on 2025-03-15 04:52:49.587402+00:00
[2025-03-15T04:52:55.097+0000] {warnings.py:112} WARNING - /home/***/.local/lib/python3.12/site-packages/***/task/task_runner/standard_task_runner.py:70: DeprecationWarning: This process (pid=422) is multi-threaded, use of fork() may lead to deadlocks in the child.
  pid = os.fork()

[2025-03-15T04:52:55.098+0000] {standard_task_runner.py:72} INFO - Started process 432 to run task
[2025-03-15T04:52:55.098+0000] {standard_task_runner.py:104} INFO - Running: ['***', 'tasks', 'run', 'training-pipeline', 'training', 'manual__2025-03-15T04:52:49.587402+00:00', '--job-id', '31', '--raw', '--subdir', 'DAGS_FOLDER/training_pipeline.py', '--cfg-path', '/tmp/tmpeualige8']
[2025-03-15T04:52:55.099+0000] {standard_task_runner.py:105} INFO - Job 31: Subtask training
[2025-03-15T04:52:55.122+0000] {task_command.py:467} INFO - Running <TaskInstance: training-pipeline.training manual__2025-03-15T04:52:49.587402+00:00 [running]> on host 05ab478eb9ff
[2025-03-15T04:52:55.143+0000] {taskinstance.py:3134} INFO - Exporting env vars: AIRFLOW_CTX_DAG_OWNER='user' AIRFLOW_CTX_DAG_ID='training-pipeline' AIRFLOW_CTX_TASK_ID='training' AIRFLOW_CTX_EXECUTION_DATE='2025-03-15T04:52:49.587402+00:00' AIRFLOW_CTX_TRY_NUMBER='1' AIRFLOW_CTX_DAG_RUN_ID='manual__2025-03-15T04:52:49.587402+00:00'
[2025-03-15T04:52:55.144+0000] {taskinstance.py:732} INFO - ::endgroup::
[2025-03-15T04:52:55.237+0000] {logging_mixin.py:190} INFO -       Iter       Train Loss   Remaining Time 
[2025-03-15T04:52:55.258+0000] {logging_mixin.py:190} INFO -          1           1.2555            2.07s
[2025-03-15T04:52:55.278+0000] {logging_mixin.py:190} INFO -          2           1.1993            2.04s
[2025-03-15T04:52:55.299+0000] {logging_mixin.py:190} INFO -          3           1.1527            2.01s
[2025-03-15T04:52:55.320+0000] {logging_mixin.py:190} INFO -          4           1.1110            2.00s
[2025-03-15T04:52:55.343+0000] {logging_mixin.py:190} INFO -          5           1.0772            2.01s
[2025-03-15T04:52:55.364+0000] {logging_mixin.py:190} INFO -          6           1.0466            2.00s
[2025-03-15T04:52:55.385+0000] {logging_mixin.py:190} INFO -          7           1.0217            1.97s
[2025-03-15T04:52:55.407+0000] {logging_mixin.py:190} INFO -          8           0.9975            1.95s
[2025-03-15T04:52:55.430+0000] {logging_mixin.py:190} INFO -          9           0.9762            1.96s
[2025-03-15T04:52:55.457+0000] {logging_mixin.py:190} INFO -         10           0.9576            1.98s
[2025-03-15T04:52:55.706+0000] {logging_mixin.py:190} INFO -         20           0.8293            1.88s
[2025-03-15T04:52:55.955+0000] {logging_mixin.py:190} INFO -         30           0.7643            1.68s
[2025-03-15T04:52:56.171+0000] {logging_mixin.py:190} INFO -         40           0.7228            1.40s
[2025-03-15T04:52:56.373+0000] {logging_mixin.py:190} INFO -         50           0.6974            1.14s
[2025-03-15T04:52:56.574+0000] {logging_mixin.py:190} INFO -         60           0.6787            0.89s
[2025-03-15T04:52:56.783+0000] {logging_mixin.py:190} INFO -         70           0.6625            0.66s
[2025-03-15T04:52:56.990+0000] {logging_mixin.py:190} INFO -         80           0.6513            0.44s
[2025-03-15T04:52:57.212+0000] {logging_mixin.py:190} INFO -         90           0.6420            0.22s
[2025-03-15T04:52:57.416+0000] {logging_mixin.py:190} INFO -        100           0.6340            0.00s
[2025-03-15T04:52:57.552+0000] {logging_mixin.py:190} INFO -               precision    recall  f1-score   support

           0       0.87      0.90      0.88     60259
           1       0.82      0.77      0.79     35253

    accuracy                           0.85     95512
   macro avg       0.84      0.83      0.84     95512
weighted avg       0.85      0.85      0.85     95512
[2025-03-15T04:52:59.574+0000] {logging_mixin.py:190} WARNING - 2025/03/15 04:52:59 WARNING mlflow.models.model: Model logged without a signature and input example. Please set `input_example` parameter when logging the model to auto infer the model signature.
[2025-03-15T04:52:59.801+0000] {credentials.py:1147} INFO - Found credentials in environment variables.
[2025-03-15T04:52:59.840+0000] {logging_mixin.py:190} INFO - 🏃 View run honorable-eel-740 at: http://mlflow-server:5500/#/experiments/1/runs/198926b7d4e940d89fc0bce824d5ccf9
[2025-03-15T04:52:59.841+0000] {logging_mixin.py:190} INFO - 🧪 View experiment at: http://mlflow-server:5500/#/experiments/1
[2025-03-15T04:52:59.845+0000] {python.py:240} INFO - Done. Returned value was: {'mlflow_run_id': '198926b7d4e940d89fc0bce824d5ccf9'}
[2025-03-15T04:52:59.852+0000] {taskinstance.py:341} INFO - ::group::Post task execution logs
[2025-03-15T04:52:59.852+0000] {taskinstance.py:353} INFO - Marking task as SUCCESS. dag_id=training-pipeline, task_id=training, run_id=manual__2025-03-15T04:52:49.587402+00:00, execution_date=20250315T045249, start_date=20250315T045254, end_date=20250315T045259
[2025-03-15T04:52:59.888+0000] {local_task_job_runner.py:266} INFO - Task exited with return code 0
[2025-03-15T04:52:59.895+0000] {taskinstance.py:3901} INFO - 0 downstream tasks scheduled from follow-on schedule check
[2025-03-15T04:52:59.896+0000] {local_task_job_runner.py:245} INFO - ::endgroup::
