[2025-03-15T05:17:39.208+0000] {local_task_job_runner.py:123} INFO - ::group::Pre task execution logs
[2025-03-15T05:17:39.214+0000] {taskinstance.py:2614} INFO - Dependencies all met for dep_context=non-requeueable deps ti=<TaskInstance: training-pipeline.training manual__2025-03-15T05:17:32.029556+00:00 [queued]>
[2025-03-15T05:17:39.217+0000] {taskinstance.py:2614} INFO - Dependencies all met for dep_context=requeueable deps ti=<TaskInstance: training-pipeline.training manual__2025-03-15T05:17:32.029556+00:00 [queued]>
[2025-03-15T05:17:39.217+0000] {taskinstance.py:2867} INFO - Starting attempt 1 of 1
[2025-03-15T05:17:39.220+0000] {taskinstance.py:2890} INFO - Executing <Task(PythonOperator): training> on 2025-03-15 05:17:32.029556+00:00
[2025-03-15T05:17:39.224+0000] {warnings.py:112} WARNING - /home/***/.local/lib/python3.12/site-packages/***/task/task_runner/standard_task_runner.py:70: DeprecationWarning: This process (pid=98) is multi-threaded, use of fork() may lead to deadlocks in the child.
  pid = os.fork()

[2025-03-15T05:17:39.224+0000] {standard_task_runner.py:72} INFO - Started process 108 to run task
[2025-03-15T05:17:39.225+0000] {standard_task_runner.py:104} INFO - Running: ['***', 'tasks', 'run', 'training-pipeline', 'training', 'manual__2025-03-15T05:17:32.029556+00:00', '--job-id', '57', '--raw', '--subdir', 'DAGS_FOLDER/training_pipeline.py', '--cfg-path', '/tmp/tmpklq_f8o3']
[2025-03-15T05:17:39.225+0000] {standard_task_runner.py:105} INFO - Job 57: Subtask training
[2025-03-15T05:17:39.241+0000] {task_command.py:467} INFO - Running <TaskInstance: training-pipeline.training manual__2025-03-15T05:17:32.029556+00:00 [running]> on host b3584fe79e73
[2025-03-15T05:17:39.411+0000] {taskinstance.py:3134} INFO - Exporting env vars: AIRFLOW_CTX_DAG_OWNER='user' AIRFLOW_CTX_DAG_ID='training-pipeline' AIRFLOW_CTX_TASK_ID='training' AIRFLOW_CTX_EXECUTION_DATE='2025-03-15T05:17:32.029556+00:00' AIRFLOW_CTX_TRY_NUMBER='1' AIRFLOW_CTX_DAG_RUN_ID='manual__2025-03-15T05:17:32.029556+00:00'
[2025-03-15T05:17:39.411+0000] {taskinstance.py:732} INFO - ::endgroup::
[2025-03-15T05:17:39.836+0000] {logging_mixin.py:190} INFO -       Iter       Train Loss   Remaining Time 
[2025-03-15T05:17:39.861+0000] {logging_mixin.py:190} INFO -          1           1.2555            2.44s
[2025-03-15T05:17:39.888+0000] {logging_mixin.py:190} INFO -          2           1.1993            2.52s
[2025-03-15T05:17:39.912+0000] {logging_mixin.py:190} INFO -          3           1.1514            2.45s
[2025-03-15T05:17:39.936+0000] {logging_mixin.py:190} INFO -          4           1.1109            2.40s
[2025-03-15T05:17:39.960+0000] {logging_mixin.py:190} INFO -          5           1.0770            2.35s
[2025-03-15T05:17:39.990+0000] {logging_mixin.py:190} INFO -          6           1.0463            2.40s
[2025-03-15T05:17:40.013+0000] {logging_mixin.py:190} INFO -          7           1.0212            2.34s
[2025-03-15T05:17:40.040+0000] {logging_mixin.py:190} INFO -          8           0.9974            2.33s
[2025-03-15T05:17:40.066+0000] {logging_mixin.py:190} INFO -          9           0.9793            2.32s
[2025-03-15T05:17:40.102+0000] {logging_mixin.py:190} INFO -         10           0.9581            2.39s
[2025-03-15T05:17:40.335+0000] {logging_mixin.py:190} INFO -         20           0.8262            1.99s
[2025-03-15T05:17:40.561+0000] {logging_mixin.py:190} INFO -         30           0.7649            1.69s
[2025-03-15T05:17:40.788+0000] {logging_mixin.py:190} INFO -         40           0.7229            1.43s
[2025-03-15T05:17:41.028+0000] {logging_mixin.py:190} INFO -         50           0.6968            1.19s
[2025-03-15T05:17:41.244+0000] {logging_mixin.py:190} INFO -         60           0.6761            0.94s
[2025-03-15T05:17:41.461+0000] {logging_mixin.py:190} INFO -         70           0.6617            0.70s
[2025-03-15T05:17:41.673+0000] {logging_mixin.py:190} INFO -         80           0.6498            0.46s
[2025-03-15T05:17:41.885+0000] {logging_mixin.py:190} INFO -         90           0.6406            0.23s
[2025-03-15T05:17:42.098+0000] {logging_mixin.py:190} INFO -        100           0.6321            0.00s
[2025-03-15T05:17:42.236+0000] {logging_mixin.py:190} INFO -               precision    recall  f1-score   support

           0       0.87      0.90      0.88     60259
           1       0.82      0.76      0.79     35253

    accuracy                           0.85     95512
   macro avg       0.84      0.83      0.84     95512
weighted avg       0.85      0.85      0.85     95512
[2025-03-15T05:17:44.629+0000] {logging_mixin.py:190} WARNING - 2025/03/15 05:17:44 WARNING mlflow.models.model: Model logged without a signature and input example. Please set `input_example` parameter when logging the model to auto infer the model signature.
[2025-03-15T05:17:44.637+0000] {credentials.py:1147} INFO - Found credentials in environment variables.
[2025-03-15T05:17:44.693+0000] {logging_mixin.py:190} INFO - 🏃 View run unleashed-gnu-423 at: http://mlflow-server:5500/#/experiments/1/runs/2d1252009b9c4a49b2c6d3892502bfd5
[2025-03-15T05:17:44.694+0000] {logging_mixin.py:190} INFO - 🧪 View experiment at: http://mlflow-server:5500/#/experiments/1
[2025-03-15T05:17:44.698+0000] {python.py:240} INFO - Done. Returned value was: {'mlflow_run_id': '2d1252009b9c4a49b2c6d3892502bfd5'}
[2025-03-15T05:17:44.706+0000] {taskinstance.py:341} INFO - ::group::Post task execution logs
[2025-03-15T05:17:44.707+0000] {taskinstance.py:353} INFO - Marking task as SUCCESS. dag_id=training-pipeline, task_id=training, run_id=manual__2025-03-15T05:17:32.029556+00:00, execution_date=20250315T051732, start_date=20250315T051739, end_date=20250315T051744
[2025-03-15T05:17:44.757+0000] {local_task_job_runner.py:266} INFO - Task exited with return code 0
[2025-03-15T05:17:44.891+0000] {taskinstance.py:3901} INFO - 1 downstream tasks scheduled from follow-on schedule check
[2025-03-15T05:17:44.891+0000] {local_task_job_runner.py:245} INFO - ::endgroup::
