[2025-03-15T05:07:48.103+0000] {local_task_job_runner.py:123} INFO - ::group::Pre task execution logs
[2025-03-15T05:07:48.109+0000] {taskinstance.py:2614} INFO - Dependencies all met for dep_context=non-requeueable deps ti=<TaskInstance: training-pipeline.training manual__2025-03-15T05:07:39.966957+00:00 [queued]>
[2025-03-15T05:07:48.112+0000] {taskinstance.py:2614} INFO - Dependencies all met for dep_context=requeueable deps ti=<TaskInstance: training-pipeline.training manual__2025-03-15T05:07:39.966957+00:00 [queued]>
[2025-03-15T05:07:48.112+0000] {taskinstance.py:2867} INFO - Starting attempt 1 of 1
[2025-03-15T05:07:48.192+0000] {taskinstance.py:2890} INFO - Executing <Task(PythonOperator): training> on 2025-03-15 05:07:39.966957+00:00
[2025-03-15T05:07:48.196+0000] {warnings.py:112} WARNING - /home/***/.local/lib/python3.12/site-packages/***/task/task_runner/standard_task_runner.py:70: DeprecationWarning: This process (pid=104) is multi-threaded, use of fork() may lead to deadlocks in the child.
  pid = os.fork()

[2025-03-15T05:07:48.197+0000] {standard_task_runner.py:72} INFO - Started process 114 to run task
[2025-03-15T05:07:48.197+0000] {standard_task_runner.py:104} INFO - Running: ['***', 'tasks', 'run', 'training-pipeline', 'training', 'manual__2025-03-15T05:07:39.966957+00:00', '--job-id', '43', '--raw', '--subdir', 'DAGS_FOLDER/training_pipeline.py', '--cfg-path', '/tmp/tmps5qwf7if']
[2025-03-15T05:07:48.197+0000] {standard_task_runner.py:105} INFO - Job 43: Subtask training
[2025-03-15T05:07:48.212+0000] {task_command.py:467} INFO - Running <TaskInstance: training-pipeline.training manual__2025-03-15T05:07:39.966957+00:00 [running]> on host e767aae34170
[2025-03-15T05:07:48.233+0000] {taskinstance.py:3134} INFO - Exporting env vars: AIRFLOW_CTX_DAG_OWNER='user' AIRFLOW_CTX_DAG_ID='training-pipeline' AIRFLOW_CTX_TASK_ID='training' AIRFLOW_CTX_EXECUTION_DATE='2025-03-15T05:07:39.966957+00:00' AIRFLOW_CTX_TRY_NUMBER='1' AIRFLOW_CTX_DAG_RUN_ID='manual__2025-03-15T05:07:39.966957+00:00'
[2025-03-15T05:07:48.234+0000] {taskinstance.py:732} INFO - ::endgroup::
[2025-03-15T05:07:48.652+0000] {logging_mixin.py:190} INFO -       Iter       Train Loss   Remaining Time 
[2025-03-15T05:07:48.675+0000] {logging_mixin.py:190} INFO -          1           1.2556            2.25s
[2025-03-15T05:07:48.697+0000] {logging_mixin.py:190} INFO -          2           1.1995            2.19s
[2025-03-15T05:07:48.718+0000] {logging_mixin.py:190} INFO -          3           1.1515            2.13s
[2025-03-15T05:07:48.739+0000] {logging_mixin.py:190} INFO -          4           1.1112            2.09s
[2025-03-15T05:07:48.760+0000] {logging_mixin.py:190} INFO -          5           1.0760            2.05s
[2025-03-15T05:07:48.782+0000] {logging_mixin.py:190} INFO -          6           1.0460            2.03s
[2025-03-15T05:07:48.803+0000] {logging_mixin.py:190} INFO -          7           1.0216            2.00s
[2025-03-15T05:07:48.824+0000] {logging_mixin.py:190} INFO -          8           0.9975            1.98s
[2025-03-15T05:07:48.845+0000] {logging_mixin.py:190} INFO -          9           0.9764            1.94s
[2025-03-15T05:07:48.865+0000] {logging_mixin.py:190} INFO -         10           0.9581            1.92s
[2025-03-15T05:07:49.075+0000] {logging_mixin.py:190} INFO -         20           0.8326            1.69s
[2025-03-15T05:07:49.307+0000] {logging_mixin.py:190} INFO -         30           0.7668            1.53s
[2025-03-15T05:07:49.521+0000] {logging_mixin.py:190} INFO -         40           0.7245            1.30s
[2025-03-15T05:07:49.733+0000] {logging_mixin.py:190} INFO -         50           0.6984            1.08s
[2025-03-15T05:07:49.943+0000] {logging_mixin.py:190} INFO -         60           0.6782            0.86s
[2025-03-15T05:07:50.155+0000] {logging_mixin.py:190} INFO -         70           0.6630            0.64s
[2025-03-15T05:07:50.369+0000] {logging_mixin.py:190} INFO -         80           0.6517            0.43s
[2025-03-15T05:07:50.577+0000] {logging_mixin.py:190} INFO -         90           0.6416            0.21s
[2025-03-15T05:07:50.785+0000] {logging_mixin.py:190} INFO -        100           0.6341            0.00s
[2025-03-15T05:07:50.910+0000] {logging_mixin.py:190} INFO -               precision    recall  f1-score   support

           0       0.87      0.90      0.88     60259
           1       0.82      0.77      0.79     35253

    accuracy                           0.85     95512
   macro avg       0.84      0.83      0.84     95512
weighted avg       0.85      0.85      0.85     95512
[2025-03-15T05:07:53.923+0000] {logging_mixin.py:190} WARNING - 2025/03/15 05:07:53 WARNING mlflow.models.model: Model logged without a signature and input example. Please set `input_example` parameter when logging the model to auto infer the model signature.
[2025-03-15T05:07:53.936+0000] {credentials.py:1147} INFO - Found credentials in environment variables.
[2025-03-15T05:07:54.102+0000] {logging_mixin.py:190} INFO - 🏃 View run skittish-fox-505 at: http://mlflow-server:5500/#/experiments/1/runs/e64b550bf0244c2eafd230465498ed49
[2025-03-15T05:07:54.102+0000] {logging_mixin.py:190} INFO - 🧪 View experiment at: http://mlflow-server:5500/#/experiments/1
[2025-03-15T05:07:54.112+0000] {python.py:240} INFO - Done. Returned value was: {'mlflow_run_id': 'e64b550bf0244c2eafd230465498ed49'}
[2025-03-15T05:07:54.130+0000] {taskinstance.py:341} INFO - ::group::Post task execution logs
[2025-03-15T05:07:54.131+0000] {taskinstance.py:353} INFO - Marking task as SUCCESS. dag_id=training-pipeline, task_id=training, run_id=manual__2025-03-15T05:07:39.966957+00:00, execution_date=20250315T050739, start_date=20250315T050748, end_date=20250315T050754
[2025-03-15T05:07:54.189+0000] {local_task_job_runner.py:266} INFO - Task exited with return code 0
[2025-03-15T05:07:54.200+0000] {taskinstance.py:3901} INFO - 0 downstream tasks scheduled from follow-on schedule check
[2025-03-15T05:07:54.201+0000] {local_task_job_runner.py:245} INFO - ::endgroup::
