[2025-03-15T05:19:42.886+0000] {local_task_job_runner.py:123} INFO - ::group::Pre task execution logs
[2025-03-15T05:19:42.894+0000] {taskinstance.py:2614} INFO - Dependencies all met for dep_context=non-requeueable deps ti=<TaskInstance: training-pipeline.training manual__2025-03-15T05:19:35.192260+00:00 [queued]>
[2025-03-15T05:19:42.900+0000] {taskinstance.py:2614} INFO - Dependencies all met for dep_context=requeueable deps ti=<TaskInstance: training-pipeline.training manual__2025-03-15T05:19:35.192260+00:00 [queued]>
[2025-03-15T05:19:42.900+0000] {taskinstance.py:2867} INFO - Starting attempt 1 of 1
[2025-03-15T05:19:43.005+0000] {taskinstance.py:2890} INFO - Executing <Task(PythonOperator): training> on 2025-03-15 05:19:35.192260+00:00
[2025-03-15T05:19:43.009+0000] {warnings.py:112} WARNING - /home/***/.local/lib/python3.12/site-packages/***/task/task_runner/standard_task_runner.py:70: DeprecationWarning: This process (pid=107) is multi-threaded, use of fork() may lead to deadlocks in the child.
  pid = os.fork()

[2025-03-15T05:19:43.010+0000] {standard_task_runner.py:72} INFO - Started process 117 to run task
[2025-03-15T05:19:43.010+0000] {standard_task_runner.py:104} INFO - Running: ['***', 'tasks', 'run', 'training-pipeline', 'training', 'manual__2025-03-15T05:19:35.192260+00:00', '--job-id', '64', '--raw', '--subdir', 'DAGS_FOLDER/training_pipeline.py', '--cfg-path', '/tmp/tmp3yupuwou']
[2025-03-15T05:19:43.011+0000] {standard_task_runner.py:105} INFO - Job 64: Subtask training
[2025-03-15T05:19:43.035+0000] {task_command.py:467} INFO - Running <TaskInstance: training-pipeline.training manual__2025-03-15T05:19:35.192260+00:00 [running]> on host c5434a130e61
[2025-03-15T05:19:43.056+0000] {taskinstance.py:3134} INFO - Exporting env vars: AIRFLOW_CTX_DAG_OWNER='user' AIRFLOW_CTX_DAG_ID='training-pipeline' AIRFLOW_CTX_TASK_ID='training' AIRFLOW_CTX_EXECUTION_DATE='2025-03-15T05:19:35.192260+00:00' AIRFLOW_CTX_TRY_NUMBER='1' AIRFLOW_CTX_DAG_RUN_ID='manual__2025-03-15T05:19:35.192260+00:00'
[2025-03-15T05:19:43.057+0000] {taskinstance.py:732} INFO - ::endgroup::
[2025-03-15T05:19:43.440+0000] {logging_mixin.py:190} INFO -       Iter       Train Loss   Remaining Time 
[2025-03-15T05:19:43.463+0000] {logging_mixin.py:190} INFO -          1           1.2557            2.26s
[2025-03-15T05:19:43.485+0000] {logging_mixin.py:190} INFO -          2           1.1994            2.18s
[2025-03-15T05:19:43.506+0000] {logging_mixin.py:190} INFO -          3           1.1512            2.14s
[2025-03-15T05:19:43.528+0000] {logging_mixin.py:190} INFO -          4           1.1108            2.11s
[2025-03-15T05:19:43.549+0000] {logging_mixin.py:190} INFO -          5           1.0754            2.07s
[2025-03-15T05:19:43.571+0000] {logging_mixin.py:190} INFO -          6           1.0455            2.04s
[2025-03-15T05:19:43.593+0000] {logging_mixin.py:190} INFO -          7           1.0204            2.03s
[2025-03-15T05:19:43.622+0000] {logging_mixin.py:190} INFO -          8           0.9964            2.09s
[2025-03-15T05:19:43.651+0000] {logging_mixin.py:190} INFO -          9           0.9753            2.13s
[2025-03-15T05:19:43.678+0000] {logging_mixin.py:190} INFO -         10           0.9572            2.14s
[2025-03-15T05:19:43.936+0000] {logging_mixin.py:190} INFO -         20           0.8322            1.98s
[2025-03-15T05:19:44.346+0000] {logging_mixin.py:190} INFO -         30           0.7692            2.11s
[2025-03-15T05:19:44.645+0000] {logging_mixin.py:190} INFO -         40           0.7251            1.81s
[2025-03-15T05:19:44.919+0000] {logging_mixin.py:190} INFO -         50           0.6992            1.48s
[2025-03-15T05:19:45.140+0000] {logging_mixin.py:190} INFO -         60           0.6775            1.13s
[2025-03-15T05:19:45.369+0000] {logging_mixin.py:190} INFO -         70           0.6634            0.83s
[2025-03-15T05:19:45.585+0000] {logging_mixin.py:190} INFO -         80           0.6528            0.54s
[2025-03-15T05:19:45.812+0000] {logging_mixin.py:190} INFO -         90           0.6430            0.26s
[2025-03-15T05:19:46.027+0000] {logging_mixin.py:190} INFO -        100           0.6348            0.00s
[2025-03-15T05:19:46.207+0000] {logging_mixin.py:190} INFO -               precision    recall  f1-score   support

           0       0.87      0.90      0.88     60259
           1       0.82      0.76      0.79     35253

    accuracy                           0.85     95512
   macro avg       0.84      0.83      0.84     95512
weighted avg       0.85      0.85      0.85     95512
[2025-03-15T05:19:48.852+0000] {logging_mixin.py:190} WARNING - 2025/03/15 05:19:48 WARNING mlflow.models.model: Model logged without a signature and input example. Please set `input_example` parameter when logging the model to auto infer the model signature.
[2025-03-15T05:19:49.061+0000] {credentials.py:1147} INFO - Found credentials in environment variables.
[2025-03-15T05:19:49.361+0000] {logging_mixin.py:190} INFO - 🏃 View run stylish-ram-879 at: http://mlflow-server:5500/#/experiments/1/runs/758a6f3e4e7648ac84587367c40096ac
[2025-03-15T05:19:49.361+0000] {logging_mixin.py:190} INFO - 🧪 View experiment at: http://mlflow-server:5500/#/experiments/1
[2025-03-15T05:19:49.367+0000] {python.py:240} INFO - Done. Returned value was: {'mlflow_run_id': '758a6f3e4e7648ac84587367c40096ac'}
[2025-03-15T05:19:49.377+0000] {taskinstance.py:341} INFO - ::group::Post task execution logs
[2025-03-15T05:19:49.377+0000] {taskinstance.py:353} INFO - Marking task as SUCCESS. dag_id=training-pipeline, task_id=training, run_id=manual__2025-03-15T05:19:35.192260+00:00, execution_date=20250315T051935, start_date=20250315T051942, end_date=20250315T051949
[2025-03-15T05:19:49.393+0000] {local_task_job_runner.py:266} INFO - Task exited with return code 0
[2025-03-15T05:19:49.405+0000] {taskinstance.py:3901} INFO - 1 downstream tasks scheduled from follow-on schedule check
[2025-03-15T05:19:49.406+0000] {local_task_job_runner.py:245} INFO - ::endgroup::
