[2025-03-15T04:08:56.148+0000] {local_task_job_runner.py:123} INFO - ::group::Pre task execution logs
[2025-03-15T04:08:56.154+0000] {taskinstance.py:2614} INFO - Dependencies all met for dep_context=non-requeueable deps ti=<TaskInstance: training-pipeline.training manual__2025-03-15T04:08:49.965116+00:00 [queued]>
[2025-03-15T04:08:56.157+0000] {taskinstance.py:2614} INFO - Dependencies all met for dep_context=requeueable deps ti=<TaskInstance: training-pipeline.training manual__2025-03-15T04:08:49.965116+00:00 [queued]>
[2025-03-15T04:08:56.157+0000] {taskinstance.py:2867} INFO - Starting attempt 1 of 1
[2025-03-15T04:08:56.245+0000] {taskinstance.py:2890} INFO - Executing <Task(PythonOperator): training> on 2025-03-15 04:08:49.965116+00:00
[2025-03-15T04:08:56.248+0000] {warnings.py:112} WARNING - /home/***/.local/lib/python3.12/site-packages/***/task/task_runner/standard_task_runner.py:70: DeprecationWarning: This process (pid=157) is multi-threaded, use of fork() may lead to deadlocks in the child.
  pid = os.fork()

[2025-03-15T04:08:56.249+0000] {standard_task_runner.py:72} INFO - Started process 167 to run task
[2025-03-15T04:08:56.249+0000] {standard_task_runner.py:104} INFO - Running: ['***', 'tasks', 'run', 'training-pipeline', 'training', 'manual__2025-03-15T04:08:49.965116+00:00', '--job-id', '18', '--raw', '--subdir', 'DAGS_FOLDER/training_pipeline.py', '--cfg-path', '/tmp/tmp51u9ucp3']
[2025-03-15T04:08:56.249+0000] {standard_task_runner.py:105} INFO - Job 18: Subtask training
[2025-03-15T04:08:56.263+0000] {task_command.py:467} INFO - Running <TaskInstance: training-pipeline.training manual__2025-03-15T04:08:49.965116+00:00 [running]> on host 42fb960dc4b6
[2025-03-15T04:08:56.285+0000] {taskinstance.py:3134} INFO - Exporting env vars: AIRFLOW_CTX_DAG_OWNER='user' AIRFLOW_CTX_DAG_ID='training-pipeline' AIRFLOW_CTX_TASK_ID='training' AIRFLOW_CTX_EXECUTION_DATE='2025-03-15T04:08:49.965116+00:00' AIRFLOW_CTX_TRY_NUMBER='1' AIRFLOW_CTX_DAG_RUN_ID='manual__2025-03-15T04:08:49.965116+00:00'
[2025-03-15T04:08:56.286+0000] {taskinstance.py:732} INFO - ::endgroup::
[2025-03-15T04:08:56.612+0000] {logging_mixin.py:190} INFO -       Iter       Train Loss   Remaining Time 
[2025-03-15T04:08:56.634+0000] {logging_mixin.py:190} INFO -          1           1.2559            2.21s
[2025-03-15T04:08:56.655+0000] {logging_mixin.py:190} INFO -          2           1.1984            2.12s
[2025-03-15T04:08:56.676+0000] {logging_mixin.py:190} INFO -          3           1.1520            2.07s
[2025-03-15T04:08:56.697+0000] {logging_mixin.py:190} INFO -          4           1.1126            2.04s
[2025-03-15T04:08:56.717+0000] {logging_mixin.py:190} INFO -          5           1.0772            2.00s
[2025-03-15T04:08:56.738+0000] {logging_mixin.py:190} INFO -          6           1.0473            1.98s
[2025-03-15T04:08:56.759+0000] {logging_mixin.py:190} INFO -          7           1.0222            1.95s
[2025-03-15T04:08:56.779+0000] {logging_mixin.py:190} INFO -          8           0.9975            1.92s
[2025-03-15T04:08:56.799+0000] {logging_mixin.py:190} INFO -          9           0.9795            1.89s
[2025-03-15T04:08:56.820+0000] {logging_mixin.py:190} INFO -         10           0.9601            1.87s
[2025-03-15T04:08:57.027+0000] {logging_mixin.py:190} INFO -         20           0.8325            1.66s
[2025-03-15T04:08:57.237+0000] {logging_mixin.py:190} INFO -         30           0.7659            1.46s
[2025-03-15T04:08:57.446+0000] {logging_mixin.py:190} INFO -         40           0.7267            1.25s
[2025-03-15T04:08:57.651+0000] {logging_mixin.py:190} INFO -         50           0.6990            1.04s
[2025-03-15T04:08:57.854+0000] {logging_mixin.py:190} INFO -         60           0.6806            0.83s
[2025-03-15T04:08:58.059+0000] {logging_mixin.py:190} INFO -         70           0.6665            0.62s
[2025-03-15T04:08:58.265+0000] {logging_mixin.py:190} INFO -         80           0.6538            0.41s
[2025-03-15T04:08:58.477+0000] {logging_mixin.py:190} INFO -         90           0.6436            0.21s
[2025-03-15T04:08:58.686+0000] {logging_mixin.py:190} INFO -        100           0.6341            0.00s
[2025-03-15T04:08:58.803+0000] {logging_mixin.py:190} INFO -               precision    recall  f1-score   support

           0       0.87      0.90      0.88     60259
           1       0.82      0.77      0.79     35253

    accuracy                           0.85     95512
   macro avg       0.84      0.83      0.84     95512
weighted avg       0.85      0.85      0.85     95512
[2025-03-15T04:09:01.203+0000] {logging_mixin.py:190} WARNING - 2025/03/15 04:09:01 WARNING mlflow.models.model: Model logged without a signature and input example. Please set `input_example` parameter when logging the model to auto infer the model signature.
[2025-03-15T04:09:01.413+0000] {credentials.py:1147} INFO - Found credentials in environment variables.
[2025-03-15T04:09:01.448+0000] {logging_mixin.py:190} INFO - 🏃 View run stylish-trout-524 at: http://mlflow-server:5500/#/experiments/1/runs/8277ac44da5b4b2286eb238d0386b4fd
[2025-03-15T04:09:01.449+0000] {logging_mixin.py:190} INFO - 🧪 View experiment at: http://mlflow-server:5500/#/experiments/1
[2025-03-15T04:09:01.453+0000] {python.py:240} INFO - Done. Returned value was: {'mlflow_run_id': '8277ac44da5b4b2286eb238d0386b4fd'}
[2025-03-15T04:09:01.460+0000] {taskinstance.py:341} INFO - ::group::Post task execution logs
[2025-03-15T04:09:01.460+0000] {taskinstance.py:353} INFO - Marking task as SUCCESS. dag_id=training-pipeline, task_id=training, run_id=manual__2025-03-15T04:08:49.965116+00:00, execution_date=20250315T040849, start_date=20250315T040856, end_date=20250315T040901
[2025-03-15T04:09:01.502+0000] {local_task_job_runner.py:266} INFO - Task exited with return code 0
[2025-03-15T04:09:01.509+0000] {taskinstance.py:3901} INFO - 1 downstream tasks scheduled from follow-on schedule check
[2025-03-15T04:09:01.510+0000] {local_task_job_runner.py:245} INFO - ::endgroup::
