[2025-03-15T05:12:39.972+0000] {local_task_job_runner.py:123} INFO - ::group::Pre task execution logs
[2025-03-15T05:12:39.978+0000] {taskinstance.py:2614} INFO - Dependencies all met for dep_context=non-requeueable deps ti=<TaskInstance: training-pipeline.training manual__2025-03-15T05:12:30.853365+00:00 [queued]>
[2025-03-15T05:12:39.981+0000] {taskinstance.py:2614} INFO - Dependencies all met for dep_context=requeueable deps ti=<TaskInstance: training-pipeline.training manual__2025-03-15T05:12:30.853365+00:00 [queued]>
[2025-03-15T05:12:39.982+0000] {taskinstance.py:2867} INFO - Starting attempt 1 of 1
[2025-03-15T05:12:40.062+0000] {taskinstance.py:2890} INFO - Executing <Task(PythonOperator): training> on 2025-03-15 05:12:30.853365+00:00
[2025-03-15T05:12:40.066+0000] {warnings.py:112} WARNING - /home/***/.local/lib/python3.12/site-packages/***/task/task_runner/standard_task_runner.py:70: DeprecationWarning: This process (pid=113) is multi-threaded, use of fork() may lead to deadlocks in the child.
  pid = os.fork()

[2025-03-15T05:12:40.066+0000] {standard_task_runner.py:72} INFO - Started process 123 to run task
[2025-03-15T05:12:40.067+0000] {standard_task_runner.py:104} INFO - Running: ['***', 'tasks', 'run', 'training-pipeline', 'training', 'manual__2025-03-15T05:12:30.853365+00:00', '--job-id', '49', '--raw', '--subdir', 'DAGS_FOLDER/training_pipeline.py', '--cfg-path', '/tmp/tmpv390fc4e']
[2025-03-15T05:12:40.067+0000] {standard_task_runner.py:105} INFO - Job 49: Subtask training
[2025-03-15T05:12:40.082+0000] {task_command.py:467} INFO - Running <TaskInstance: training-pipeline.training manual__2025-03-15T05:12:30.853365+00:00 [running]> on host a4f34d1d7bdd
[2025-03-15T05:12:40.105+0000] {taskinstance.py:3134} INFO - Exporting env vars: AIRFLOW_CTX_DAG_OWNER='user' AIRFLOW_CTX_DAG_ID='training-pipeline' AIRFLOW_CTX_TASK_ID='training' AIRFLOW_CTX_EXECUTION_DATE='2025-03-15T05:12:30.853365+00:00' AIRFLOW_CTX_TRY_NUMBER='1' AIRFLOW_CTX_DAG_RUN_ID='manual__2025-03-15T05:12:30.853365+00:00'
[2025-03-15T05:12:40.107+0000] {taskinstance.py:732} INFO - ::endgroup::
[2025-03-15T05:12:40.477+0000] {logging_mixin.py:190} INFO -       Iter       Train Loss   Remaining Time 
[2025-03-15T05:12:40.499+0000] {logging_mixin.py:190} INFO -          1           1.2555            2.21s
[2025-03-15T05:12:40.520+0000] {logging_mixin.py:190} INFO -          2           1.1994            2.12s
[2025-03-15T05:12:40.541+0000] {logging_mixin.py:190} INFO -          3           1.1528            2.07s
[2025-03-15T05:12:40.562+0000] {logging_mixin.py:190} INFO -          4           1.1113            2.03s
[2025-03-15T05:12:40.583+0000] {logging_mixin.py:190} INFO -          5           1.0773            2.01s
[2025-03-15T05:12:40.604+0000] {logging_mixin.py:190} INFO -          6           1.0461            1.99s
[2025-03-15T05:12:40.625+0000] {logging_mixin.py:190} INFO -          7           1.0215            1.96s
[2025-03-15T05:12:40.646+0000] {logging_mixin.py:190} INFO -          8           0.9974            1.94s
[2025-03-15T05:12:40.666+0000] {logging_mixin.py:190} INFO -          9           0.9764            1.91s
[2025-03-15T05:12:40.687+0000] {logging_mixin.py:190} INFO -         10           0.9583            1.89s
[2025-03-15T05:12:40.916+0000] {logging_mixin.py:190} INFO -         20           0.8324            1.75s
[2025-03-15T05:12:41.197+0000] {logging_mixin.py:190} INFO -         30           0.7670            1.68s
[2025-03-15T05:12:41.475+0000] {logging_mixin.py:190} INFO -         40           0.7273            1.50s
[2025-03-15T05:12:41.765+0000] {logging_mixin.py:190} INFO -         50           0.6988            1.29s
[2025-03-15T05:12:42.001+0000] {logging_mixin.py:190} INFO -         60           0.6793            1.02s
[2025-03-15T05:12:42.211+0000] {logging_mixin.py:190} INFO -         70           0.6661            0.74s
[2025-03-15T05:12:42.423+0000] {logging_mixin.py:190} INFO -         80           0.6540            0.49s
[2025-03-15T05:12:42.632+0000] {logging_mixin.py:190} INFO -         90           0.6449            0.24s
[2025-03-15T05:12:42.839+0000] {logging_mixin.py:190} INFO -        100           0.6367            0.00s
[2025-03-15T05:12:43.008+0000] {logging_mixin.py:190} INFO -               precision    recall  f1-score   support

           0       0.87      0.90      0.88     60259
           1       0.82      0.76      0.79     35253

    accuracy                           0.85     95512
   macro avg       0.84      0.83      0.84     95512
weighted avg       0.85      0.85      0.85     95512
[2025-03-15T05:12:45.656+0000] {logging_mixin.py:190} WARNING - 2025/03/15 05:12:45 WARNING mlflow.models.model: Model logged without a signature and input example. Please set `input_example` parameter when logging the model to auto infer the model signature.
[2025-03-15T05:12:45.892+0000] {credentials.py:1147} INFO - Found credentials in environment variables.
[2025-03-15T05:12:45.932+0000] {logging_mixin.py:190} INFO - 🏃 View run inquisitive-cub-379 at: http://mlflow-server:5500/#/experiments/1/runs/9f55a80092a149708b091773d8b8c18c
[2025-03-15T05:12:45.932+0000] {logging_mixin.py:190} INFO - 🧪 View experiment at: http://mlflow-server:5500/#/experiments/1
[2025-03-15T05:12:45.937+0000] {python.py:240} INFO - Done. Returned value was: {'mlflow_run_id': '9f55a80092a149708b091773d8b8c18c'}
[2025-03-15T05:12:45.948+0000] {taskinstance.py:341} INFO - ::group::Post task execution logs
[2025-03-15T05:12:45.948+0000] {taskinstance.py:353} INFO - Marking task as SUCCESS. dag_id=training-pipeline, task_id=training, run_id=manual__2025-03-15T05:12:30.853365+00:00, execution_date=20250315T051230, start_date=20250315T051239, end_date=20250315T051245
[2025-03-15T05:12:45.979+0000] {local_task_job_runner.py:266} INFO - Task exited with return code 0
[2025-03-15T05:12:45.989+0000] {taskinstance.py:3901} INFO - 1 downstream tasks scheduled from follow-on schedule check
[2025-03-15T05:12:45.989+0000] {local_task_job_runner.py:245} INFO - ::endgroup::
