[2025-03-15T02:55:51.014+0000] {local_task_job_runner.py:123} INFO - ::group::Pre task execution logs
[2025-03-15T02:55:51.020+0000] {taskinstance.py:2614} INFO - Dependencies all met for dep_context=non-requeueable deps ti=<TaskInstance: training-pipeline.training manual__2025-03-15T02:55:42.084819+00:00 [queued]>
[2025-03-15T02:55:51.023+0000] {taskinstance.py:2614} INFO - Dependencies all met for dep_context=requeueable deps ti=<TaskInstance: training-pipeline.training manual__2025-03-15T02:55:42.084819+00:00 [queued]>
[2025-03-15T02:55:51.023+0000] {taskinstance.py:2867} INFO - Starting attempt 1 of 1
[2025-03-15T02:55:51.026+0000] {taskinstance.py:2890} INFO - Executing <Task(PythonOperator): training> on 2025-03-15 02:55:42.084819+00:00
[2025-03-15T02:55:51.030+0000] {warnings.py:112} WARNING - /home/***/.local/lib/python3.12/site-packages/***/task/task_runner/standard_task_runner.py:70: DeprecationWarning: This process (pid=70) is multi-threaded, use of fork() may lead to deadlocks in the child.
  pid = os.fork()

[2025-03-15T02:55:51.030+0000] {standard_task_runner.py:72} INFO - Started process 80 to run task
[2025-03-15T02:55:51.031+0000] {standard_task_runner.py:104} INFO - Running: ['***', 'tasks', 'run', 'training-pipeline', 'training', 'manual__2025-03-15T02:55:42.084819+00:00', '--job-id', '46', '--raw', '--subdir', 'DAGS_FOLDER/training_pipeline.py', '--cfg-path', '/tmp/tmpy7rdla_2']
[2025-03-15T02:55:51.031+0000] {standard_task_runner.py:105} INFO - Job 46: Subtask training
[2025-03-15T02:55:51.045+0000] {task_command.py:467} INFO - Running <TaskInstance: training-pipeline.training manual__2025-03-15T02:55:42.084819+00:00 [running]> on host 828cdb825e3d
[2025-03-15T02:55:51.066+0000] {taskinstance.py:3134} INFO - Exporting env vars: AIRFLOW_CTX_DAG_OWNER='user' AIRFLOW_CTX_DAG_ID='training-pipeline' AIRFLOW_CTX_TASK_ID='training' AIRFLOW_CTX_EXECUTION_DATE='2025-03-15T02:55:42.084819+00:00' AIRFLOW_CTX_TRY_NUMBER='1' AIRFLOW_CTX_DAG_RUN_ID='manual__2025-03-15T02:55:42.084819+00:00'
[2025-03-15T02:55:51.067+0000] {taskinstance.py:732} INFO - ::endgroup::
[2025-03-15T02:55:51.683+0000] {logging_mixin.py:190} INFO -       Iter       Train Loss   Remaining Time 
[2025-03-15T02:55:51.706+0000] {logging_mixin.py:190} INFO -          1           1.2554            2.26s
[2025-03-15T02:55:51.728+0000] {logging_mixin.py:190} INFO -          2           1.1991            2.17s
[2025-03-15T02:55:51.749+0000] {logging_mixin.py:190} INFO -          3           1.1510            2.11s
[2025-03-15T02:55:51.769+0000] {logging_mixin.py:190} INFO -          4           1.1103            2.06s
[2025-03-15T02:55:51.790+0000] {logging_mixin.py:190} INFO -          5           1.0752            2.03s
[2025-03-15T02:55:51.811+0000] {logging_mixin.py:190} INFO -          6           1.0453            2.01s
[2025-03-15T02:55:51.833+0000] {logging_mixin.py:190} INFO -          7           1.0205            1.98s
[2025-03-15T02:55:51.853+0000] {logging_mixin.py:190} INFO -          8           0.9963            1.95s
[2025-03-15T02:55:51.874+0000] {logging_mixin.py:190} INFO -          9           0.9747            1.93s
[2025-03-15T02:55:51.895+0000] {logging_mixin.py:190} INFO -         10           0.9583            1.90s
[2025-03-15T02:55:52.105+0000] {logging_mixin.py:190} INFO -         20           0.8284            1.69s
[2025-03-15T02:55:52.318+0000] {logging_mixin.py:190} INFO -         30           0.7639            1.48s
[2025-03-15T02:55:52.526+0000] {logging_mixin.py:190} INFO -         40           0.7261            1.26s
[2025-03-15T02:55:52.733+0000] {logging_mixin.py:190} INFO -         50           0.7013            1.05s
[2025-03-15T02:55:52.941+0000] {logging_mixin.py:190} INFO -         60           0.6793            0.84s
[2025-03-15T02:55:53.147+0000] {logging_mixin.py:190} INFO -         70           0.6661            0.63s
[2025-03-15T02:55:53.361+0000] {logging_mixin.py:190} INFO -         80           0.6548            0.42s
[2025-03-15T02:55:53.568+0000] {logging_mixin.py:190} INFO -         90           0.6423            0.21s
[2025-03-15T02:55:53.772+0000] {logging_mixin.py:190} INFO -        100           0.6342            0.00s
[2025-03-15T02:55:53.908+0000] {logging_mixin.py:190} INFO -               precision    recall  f1-score   support

           0       0.87      0.90      0.89     60259
           1       0.82      0.77      0.79     35253

    accuracy                           0.85     95512
   macro avg       0.84      0.83      0.84     95512
weighted avg       0.85      0.85      0.85     95512
[2025-03-15T02:55:56.947+0000] {logging_mixin.py:190} WARNING - 2025/03/15 02:55:56 WARNING mlflow.models.model: Model logged without a signature and input example. Please set `input_example` parameter when logging the model to auto infer the model signature.
[2025-03-15T02:55:56.975+0000] {credentials.py:1147} INFO - Found credentials in environment variables.
[2025-03-15T02:55:57.565+0000] {logging_mixin.py:190} INFO - 🏃 View run redolent-ram-498 at: http://mlflow-server:5500/#/experiments/1/runs/87b82fcd5dae42e8b01154994e4d5dc5
[2025-03-15T02:55:57.565+0000] {logging_mixin.py:190} INFO - 🧪 View experiment at: http://mlflow-server:5500/#/experiments/1
[2025-03-15T02:55:57.575+0000] {python.py:240} INFO - Done. Returned value was: {'mlflow_run_id': '87b82fcd5dae42e8b01154994e4d5dc5'}
[2025-03-15T02:55:57.589+0000] {taskinstance.py:341} INFO - ::group::Post task execution logs
[2025-03-15T02:55:57.590+0000] {taskinstance.py:353} INFO - Marking task as SUCCESS. dag_id=training-pipeline, task_id=training, run_id=manual__2025-03-15T02:55:42.084819+00:00, execution_date=20250315T025542, start_date=20250315T025551, end_date=20250315T025557
[2025-03-15T02:55:57.621+0000] {local_task_job_runner.py:266} INFO - Task exited with return code 0
[2025-03-15T02:55:57.636+0000] {taskinstance.py:3901} INFO - 1 downstream tasks scheduled from follow-on schedule check
[2025-03-15T02:55:57.637+0000] {local_task_job_runner.py:245} INFO - ::endgroup::
