[2025-03-15T03:03:21.381+0000] {local_task_job_runner.py:123} INFO - ::group::Pre task execution logs
[2025-03-15T03:03:21.397+0000] {taskinstance.py:2614} INFO - Dependencies all met for dep_context=non-requeueable deps ti=<TaskInstance: training-pipeline.training manual__2025-03-15T03:03:13.320859+00:00 [queued]>
[2025-03-15T03:03:21.401+0000] {taskinstance.py:2614} INFO - Dependencies all met for dep_context=requeueable deps ti=<TaskInstance: training-pipeline.training manual__2025-03-15T03:03:13.320859+00:00 [queued]>
[2025-03-15T03:03:21.402+0000] {taskinstance.py:2867} INFO - Starting attempt 1 of 1
[2025-03-15T03:03:21.406+0000] {taskinstance.py:2890} INFO - Executing <Task(PythonOperator): training> on 2025-03-15 03:03:13.320859+00:00
[2025-03-15T03:03:21.410+0000] {warnings.py:112} WARNING - /home/***/.local/lib/python3.12/site-packages/***/task/task_runner/standard_task_runner.py:70: DeprecationWarning: This process (pid=70) is multi-threaded, use of fork() may lead to deadlocks in the child.
  pid = os.fork()

[2025-03-15T03:03:21.411+0000] {standard_task_runner.py:72} INFO - Started process 80 to run task
[2025-03-15T03:03:21.411+0000] {standard_task_runner.py:104} INFO - Running: ['***', 'tasks', 'run', 'training-pipeline', 'training', 'manual__2025-03-15T03:03:13.320859+00:00', '--job-id', '52', '--raw', '--subdir', 'DAGS_FOLDER/training_pipeline.py', '--cfg-path', '/tmp/tmp6cxvpz7z']
[2025-03-15T03:03:21.412+0000] {standard_task_runner.py:105} INFO - Job 52: Subtask training
[2025-03-15T03:03:21.440+0000] {task_command.py:467} INFO - Running <TaskInstance: training-pipeline.training manual__2025-03-15T03:03:13.320859+00:00 [running]> on host eb8bcabe4d60
[2025-03-15T03:03:21.474+0000] {taskinstance.py:3134} INFO - Exporting env vars: AIRFLOW_CTX_DAG_OWNER='user' AIRFLOW_CTX_DAG_ID='training-pipeline' AIRFLOW_CTX_TASK_ID='training' AIRFLOW_CTX_EXECUTION_DATE='2025-03-15T03:03:13.320859+00:00' AIRFLOW_CTX_TRY_NUMBER='1' AIRFLOW_CTX_DAG_RUN_ID='manual__2025-03-15T03:03:13.320859+00:00'
[2025-03-15T03:03:21.477+0000] {taskinstance.py:732} INFO - ::endgroup::
[2025-03-15T03:03:21.906+0000] {logging_mixin.py:190} INFO -       Iter       Train Loss   Remaining Time 
[2025-03-15T03:03:21.932+0000] {logging_mixin.py:190} INFO -          1           1.2557            2.54s
[2025-03-15T03:03:21.956+0000] {logging_mixin.py:190} INFO -          2           1.1998            2.42s
[2025-03-15T03:03:21.980+0000] {logging_mixin.py:190} INFO -          3           1.1533            2.37s
[2025-03-15T03:03:22.003+0000] {logging_mixin.py:190} INFO -          4           1.1120            2.33s
[2025-03-15T03:03:22.027+0000] {logging_mixin.py:190} INFO -          5           1.0781            2.29s
[2025-03-15T03:03:22.051+0000] {logging_mixin.py:190} INFO -          6           1.0470            2.26s
[2025-03-15T03:03:22.074+0000] {logging_mixin.py:190} INFO -          7           1.0220            2.23s
[2025-03-15T03:03:22.097+0000] {logging_mixin.py:190} INFO -          8           0.9980            2.20s
[2025-03-15T03:03:22.121+0000] {logging_mixin.py:190} INFO -          9           0.9769            2.17s
[2025-03-15T03:03:22.144+0000] {logging_mixin.py:190} INFO -         10           0.9589            2.14s
[2025-03-15T03:03:22.378+0000] {logging_mixin.py:190} INFO -         20           0.8320            1.89s
[2025-03-15T03:03:22.602+0000] {logging_mixin.py:190} INFO -         30           0.7673            1.62s
[2025-03-15T03:03:22.819+0000] {logging_mixin.py:190} INFO -         40           0.7266            1.37s
[2025-03-15T03:03:23.032+0000] {logging_mixin.py:190} INFO -         50           0.6986            1.13s
[2025-03-15T03:03:23.245+0000] {logging_mixin.py:190} INFO -         60           0.6781            0.89s
[2025-03-15T03:03:23.464+0000] {logging_mixin.py:190} INFO -         70           0.6630            0.67s
[2025-03-15T03:03:23.677+0000] {logging_mixin.py:190} INFO -         80           0.6514            0.44s
[2025-03-15T03:03:23.909+0000] {logging_mixin.py:190} INFO -         90           0.6427            0.22s
[2025-03-15T03:03:24.141+0000] {logging_mixin.py:190} INFO -        100           0.6336            0.00s
[2025-03-15T03:03:24.269+0000] {logging_mixin.py:190} INFO -               precision    recall  f1-score   support

           0       0.87      0.90      0.88     60259
           1       0.82      0.77      0.79     35253

    accuracy                           0.85     95512
   macro avg       0.84      0.83      0.84     95512
weighted avg       0.85      0.85      0.85     95512
[2025-03-15T03:03:26.615+0000] {logging_mixin.py:190} WARNING - 2025/03/15 03:03:26 WARNING mlflow.models.model: Model logged without a signature and input example. Please set `input_example` parameter when logging the model to auto infer the model signature.
[2025-03-15T03:03:26.627+0000] {credentials.py:1147} INFO - Found credentials in environment variables.
[2025-03-15T03:03:26.662+0000] {logging_mixin.py:190} INFO - 🏃 View run overjoyed-skunk-472 at: http://mlflow-server:5500/#/experiments/1/runs/48b0a3feba584a34a7753e0e750ad00c
[2025-03-15T03:03:26.662+0000] {logging_mixin.py:190} INFO - 🧪 View experiment at: http://mlflow-server:5500/#/experiments/1
[2025-03-15T03:03:26.667+0000] {python.py:240} INFO - Done. Returned value was: {'mlflow_run_id': '48b0a3feba584a34a7753e0e750ad00c'}
[2025-03-15T03:03:26.675+0000] {taskinstance.py:341} INFO - ::group::Post task execution logs
[2025-03-15T03:03:26.675+0000] {taskinstance.py:353} INFO - Marking task as SUCCESS. dag_id=training-pipeline, task_id=training, run_id=manual__2025-03-15T03:03:13.320859+00:00, execution_date=20250315T030313, start_date=20250315T030321, end_date=20250315T030326
[2025-03-15T03:03:26.693+0000] {local_task_job_runner.py:266} INFO - Task exited with return code 0
[2025-03-15T03:03:26.701+0000] {taskinstance.py:3901} INFO - 1 downstream tasks scheduled from follow-on schedule check
[2025-03-15T03:03:26.701+0000] {local_task_job_runner.py:245} INFO - ::endgroup::
