[2025-03-15T10:09:57.190+0000] {local_task_job_runner.py:123} INFO - ::group::Pre task execution logs
[2025-03-15T10:09:57.197+0000] {taskinstance.py:2614} INFO - Dependencies all met for dep_context=non-requeueable deps ti=<TaskInstance: training-pipeline.training manual__2025-03-15T10:09:48.943157+00:00 [queued]>
[2025-03-15T10:09:57.199+0000] {taskinstance.py:2614} INFO - Dependencies all met for dep_context=requeueable deps ti=<TaskInstance: training-pipeline.training manual__2025-03-15T10:09:48.943157+00:00 [queued]>
[2025-03-15T10:09:57.199+0000] {taskinstance.py:2867} INFO - Starting attempt 1 of 1
[2025-03-15T10:09:57.203+0000] {taskinstance.py:2890} INFO - Executing <Task(PythonOperator): training> on 2025-03-15 10:09:48.943157+00:00
[2025-03-15T10:09:57.206+0000] {warnings.py:112} WARNING - /home/***/.local/lib/python3.12/site-packages/***/task/task_runner/standard_task_runner.py:70: DeprecationWarning: This process (pid=165) is multi-threaded, use of fork() may lead to deadlocks in the child.
  pid = os.fork()

[2025-03-15T10:09:57.207+0000] {standard_task_runner.py:72} INFO - Started process 175 to run task
[2025-03-15T10:09:57.207+0000] {standard_task_runner.py:104} INFO - Running: ['***', 'tasks', 'run', 'training-pipeline', 'training', 'manual__2025-03-15T10:09:48.943157+00:00', '--job-id', '89', '--raw', '--subdir', 'DAGS_FOLDER/training_pipeline.py', '--cfg-path', '/tmp/tmp_t_fn430']
[2025-03-15T10:09:57.208+0000] {standard_task_runner.py:105} INFO - Job 89: Subtask training
[2025-03-15T10:09:57.223+0000] {task_command.py:467} INFO - Running <TaskInstance: training-pipeline.training manual__2025-03-15T10:09:48.943157+00:00 [running]> on host 068f85cbc25f
[2025-03-15T10:09:57.244+0000] {taskinstance.py:3134} INFO - Exporting env vars: AIRFLOW_CTX_DAG_OWNER='user' AIRFLOW_CTX_DAG_ID='training-pipeline' AIRFLOW_CTX_TASK_ID='training' AIRFLOW_CTX_EXECUTION_DATE='2025-03-15T10:09:48.943157+00:00' AIRFLOW_CTX_TRY_NUMBER='1' AIRFLOW_CTX_DAG_RUN_ID='manual__2025-03-15T10:09:48.943157+00:00'
[2025-03-15T10:09:57.245+0000] {taskinstance.py:732} INFO - ::endgroup::
[2025-03-15T10:09:57.363+0000] {logging_mixin.py:190} INFO -       Iter       Train Loss   Remaining Time 
[2025-03-15T10:09:57.386+0000] {logging_mixin.py:190} INFO -          1           1.2558            2.29s
[2025-03-15T10:09:57.408+0000] {logging_mixin.py:190} INFO -          2           1.1998            2.17s
[2025-03-15T10:09:57.429+0000] {logging_mixin.py:190} INFO -          3           1.1519            2.12s
[2025-03-15T10:09:57.450+0000] {logging_mixin.py:190} INFO -          4           1.1115            2.08s
[2025-03-15T10:09:57.471+0000] {logging_mixin.py:190} INFO -          5           1.0779            2.04s
[2025-03-15T10:09:57.492+0000] {logging_mixin.py:190} INFO -          6           1.0470            2.02s
[2025-03-15T10:09:57.513+0000] {logging_mixin.py:190} INFO -          7           1.0222            1.99s
[2025-03-15T10:09:57.534+0000] {logging_mixin.py:190} INFO -          8           0.9982            1.96s
[2025-03-15T10:09:57.555+0000] {logging_mixin.py:190} INFO -          9           0.9769            1.93s
[2025-03-15T10:09:57.575+0000] {logging_mixin.py:190} INFO -         10           0.9587            1.91s
[2025-03-15T10:09:57.787+0000] {logging_mixin.py:190} INFO -         20           0.8332            1.70s
[2025-03-15T10:09:58.000+0000] {logging_mixin.py:190} INFO -         30           0.7711            1.49s
[2025-03-15T10:09:58.211+0000] {logging_mixin.py:190} INFO -         40           0.7277            1.27s
[2025-03-15T10:09:58.426+0000] {logging_mixin.py:190} INFO -         50           0.6996            1.06s
[2025-03-15T10:09:58.632+0000] {logging_mixin.py:190} INFO -         60           0.6798            0.85s
[2025-03-15T10:09:58.865+0000] {logging_mixin.py:190} INFO -         70           0.6645            0.64s
[2025-03-15T10:09:59.174+0000] {logging_mixin.py:190} INFO -         80           0.6522            0.45s
[2025-03-15T10:09:59.490+0000] {logging_mixin.py:190} INFO -         90           0.6422            0.24s
[2025-03-15T10:09:59.775+0000] {logging_mixin.py:190} INFO -        100           0.6335            0.00s
[2025-03-15T10:09:59.999+0000] {logging_mixin.py:190} INFO -               precision    recall  f1-score   support

           0       0.87      0.90      0.88     60259
           1       0.82      0.77      0.79     35253

    accuracy                           0.85     95512
   macro avg       0.84      0.83      0.84     95512
weighted avg       0.85      0.85      0.85     95512
[2025-03-15T10:10:00.548+0000] {warnings.py:112} WARNING - /home/***/.local/lib/python3.12/site-packages/mlflow/types/utils.py:452: UserWarning: Hint: Inferred schema contains integer column(s). Integer columns in Python cannot represent missing values. If your input data contains missing values at inference time, it will be encoded as floats and will cause a schema enforcement error. The best way to avoid this problem is to infer the model schema based on a realistic data sample (training dataset) that includes missing values. Alternatively, you can declare integer columns as doubles (float64) whenever these columns may have missing values. See `Handling Integers With Missing Values <https://www.mlflow.org/docs/latest/models.html#handling-integers-with-missing-values>`_ for more details.
  warnings.warn(

[2025-03-15T10:10:02.167+0000] {credentials.py:1147} INFO - Found credentials in environment variables.
[2025-03-15T10:10:02.329+0000] {logging_mixin.py:190} INFO - 🏃 View run suave-asp-997 at: http://mlflow-server:5500/#/experiments/1/runs/1c53fbb921c54306a26ba0a086bcf846
[2025-03-15T10:10:02.329+0000] {logging_mixin.py:190} INFO - 🧪 View experiment at: http://mlflow-server:5500/#/experiments/1
[2025-03-15T10:10:02.334+0000] {python.py:240} INFO - Done. Returned value was: {'mlflow_run_id': '1c53fbb921c54306a26ba0a086bcf846'}
[2025-03-15T10:10:02.343+0000] {taskinstance.py:341} INFO - ::group::Post task execution logs
[2025-03-15T10:10:02.343+0000] {taskinstance.py:353} INFO - Marking task as SUCCESS. dag_id=training-pipeline, task_id=training, run_id=manual__2025-03-15T10:09:48.943157+00:00, execution_date=20250315T100948, start_date=20250315T100957, end_date=20250315T101002
[2025-03-15T10:10:02.370+0000] {local_task_job_runner.py:266} INFO - Task exited with return code 0
[2025-03-15T10:10:02.377+0000] {local_task_job_runner.py:245} INFO - ::endgroup::
